<?xml version="1.0" encoding="UTF-8"?>
<testng-results ignored="0" total="12" passed="8" failed="3" skipped="1">
  <reporter-output>
  </reporter-output>
  <suite started-at="2024-02-06T10:21:54 IST" name="Suite" finished-at="2024-02-06T10:28:14 IST" duration-ms="379926">
    <groups>
      <group name="Master">
        <method signature="TS002_UsedCars.findUsedCars()[pri:1, instance:testCases.TS002_UsedCars@48075da3]" name="findUsedCars" class="testCases.TS002_UsedCars"/>
        <method signature="TS003_AccountLogin.clickLoginButton()[pri:1, instance:testCases.TS003_AccountLogin@68c9133c]" name="clickLoginButton" class="testCases.TS003_AccountLogin"/>
        <method signature="TS001_UpcomingBikes.selectManufacturer()[pri:2, instance:testCases.TS001_UpcomingBikes@3f191845]" name="selectManufacturer" class="testCases.TS001_UpcomingBikes"/>
        <method signature="TS003_AccountLogin.checkLoginStatus()[pri:2, instance:testCases.TS003_AccountLogin@68c9133c]" name="checkLoginStatus" class="testCases.TS003_AccountLogin"/>
        <method signature="TS001_UpcomingBikes.printBikeDetails()[pri:3, instance:testCases.TS001_UpcomingBikes@3f191845]" name="printBikeDetails" class="testCases.TS001_UpcomingBikes"/>
        <method signature="TS001_UpcomingBikes.clickUpcomingBikes()[pri:1, instance:testCases.TS001_UpcomingBikes@3f191845]" name="clickUpcomingBikes" class="testCases.TS001_UpcomingBikes"/>
        <method signature="TS002_UsedCars.findUsedCars()[pri:1, instance:testCases.TS002_UsedCars@723ca036]" name="findUsedCars" class="testCases.TS002_UsedCars"/>
        <method signature="TS003_AccountLogin.clickLoginButton()[pri:1, instance:testCases.TS003_AccountLogin@25be7b63]" name="clickLoginButton" class="testCases.TS003_AccountLogin"/>
        <method signature="TS001_UpcomingBikes.selectManufacturer()[pri:2, instance:testCases.TS001_UpcomingBikes@304bb45b]" name="selectManufacturer" class="testCases.TS001_UpcomingBikes"/>
        <method signature="TS003_AccountLogin.checkLoginStatus()[pri:2, instance:testCases.TS003_AccountLogin@25be7b63]" name="checkLoginStatus" class="testCases.TS003_AccountLogin"/>
        <method signature="TS001_UpcomingBikes.printBikeDetails()[pri:3, instance:testCases.TS001_UpcomingBikes@304bb45b]" name="printBikeDetails" class="testCases.TS001_UpcomingBikes"/>
        <method signature="TS001_UpcomingBikes.clickUpcomingBikes()[pri:1, instance:testCases.TS001_UpcomingBikes@304bb45b]" name="clickUpcomingBikes" class="testCases.TS001_UpcomingBikes"/>
      </group> <!-- Master -->
      <group name="Sanity">
        <method signature="TS003_AccountLogin.clickLoginButton()[pri:1, instance:testCases.TS003_AccountLogin@68c9133c]" name="clickLoginButton" class="testCases.TS003_AccountLogin"/>
        <method signature="TS003_AccountLogin.checkLoginStatus()[pri:2, instance:testCases.TS003_AccountLogin@68c9133c]" name="checkLoginStatus" class="testCases.TS003_AccountLogin"/>
        <method signature="TS003_AccountLogin.clickLoginButton()[pri:1, instance:testCases.TS003_AccountLogin@25be7b63]" name="clickLoginButton" class="testCases.TS003_AccountLogin"/>
        <method signature="TS003_AccountLogin.checkLoginStatus()[pri:2, instance:testCases.TS003_AccountLogin@25be7b63]" name="checkLoginStatus" class="testCases.TS003_AccountLogin"/>
      </group> <!-- Sanity -->
      <group name="Regression">
        <method signature="TS002_UsedCars.findUsedCars()[pri:1, instance:testCases.TS002_UsedCars@48075da3]" name="findUsedCars" class="testCases.TS002_UsedCars"/>
        <method signature="TS001_UpcomingBikes.selectManufacturer()[pri:2, instance:testCases.TS001_UpcomingBikes@3f191845]" name="selectManufacturer" class="testCases.TS001_UpcomingBikes"/>
        <method signature="TS001_UpcomingBikes.printBikeDetails()[pri:3, instance:testCases.TS001_UpcomingBikes@3f191845]" name="printBikeDetails" class="testCases.TS001_UpcomingBikes"/>
        <method signature="TS001_UpcomingBikes.clickUpcomingBikes()[pri:1, instance:testCases.TS001_UpcomingBikes@3f191845]" name="clickUpcomingBikes" class="testCases.TS001_UpcomingBikes"/>
        <method signature="TS002_UsedCars.findUsedCars()[pri:1, instance:testCases.TS002_UsedCars@723ca036]" name="findUsedCars" class="testCases.TS002_UsedCars"/>
        <method signature="TS001_UpcomingBikes.selectManufacturer()[pri:2, instance:testCases.TS001_UpcomingBikes@304bb45b]" name="selectManufacturer" class="testCases.TS001_UpcomingBikes"/>
        <method signature="TS001_UpcomingBikes.printBikeDetails()[pri:3, instance:testCases.TS001_UpcomingBikes@304bb45b]" name="printBikeDetails" class="testCases.TS001_UpcomingBikes"/>
        <method signature="TS001_UpcomingBikes.clickUpcomingBikes()[pri:1, instance:testCases.TS001_UpcomingBikes@304bb45b]" name="clickUpcomingBikes" class="testCases.TS001_UpcomingBikes"/>
      </group> <!-- Regression -->
    </groups>
    <test started-at="2024-02-06T10:21:54 IST" name="ChromeTest" finished-at="2024-02-06T10:24:37 IST" duration-ms="163314">
      <class name="testCases.TS001_UpcomingBikes">
        <test-method is-config="true" signature="setup(java.lang.String,java.lang.String)[pri:0, instance:testCases.TS001_UpcomingBikes@3f191845]" started-at="2024-02-06T10:21:55 IST" name="setup" finished-at="2024-02-06T10:22:12 IST" duration-ms="17065" status="PASS">
          <params>
            <param index="0">
              <value>
                <![CDATA[chrome]]>
              </value>
            </param>
            <param index="1">
              <value>
                <![CDATA[Windows]]>
              </value>
            </param>
          </params>
          <reporter-output>
          </reporter-output>
        </test-method> <!-- setup -->
        <test-method signature="clickUpcomingBikes()[pri:1, instance:testCases.TS001_UpcomingBikes@3f191845]" started-at="2024-02-06T10:22:12 IST" name="clickUpcomingBikes" finished-at="2024-02-06T10:23:08 IST" duration-ms="56062" status="PASS">
          <reporter-output>
          </reporter-output>
        </test-method> <!-- clickUpcomingBikes -->
        <test-method signature="selectManufacturer()[pri:2, instance:testCases.TS001_UpcomingBikes@3f191845]" started-at="2024-02-06T10:23:09 IST" name="selectManufacturer" finished-at="2024-02-06T10:23:25 IST" duration-ms="16303" status="PASS">
          <reporter-output>
          </reporter-output>
        </test-method> <!-- selectManufacturer -->
        <test-method signature="printBikeDetails()[pri:3, instance:testCases.TS001_UpcomingBikes@3f191845]" started-at="2024-02-06T10:23:26 IST" name="printBikeDetails" finished-at="2024-02-06T10:23:43 IST" depends-on-methods="testCases.TS001_UpcomingBikes.selectManufacturer" duration-ms="17043" status="PASS">
          <reporter-output>
          </reporter-output>
        </test-method> <!-- printBikeDetails -->
        <test-method is-config="true" signature="tearDown()[pri:0, instance:testCases.TS001_UpcomingBikes@3f191845]" started-at="2024-02-06T10:24:36 IST" name="tearDown" finished-at="2024-02-06T10:24:37 IST" duration-ms="1373" status="PASS">
          <reporter-output>
          </reporter-output>
        </test-method> <!-- tearDown -->
      </class> <!-- testCases.TS001_UpcomingBikes -->
      <class name="testCases.TS002_UsedCars">
        <test-method signature="findUsedCars()[pri:1, instance:testCases.TS002_UsedCars@48075da3]" started-at="2024-02-06T10:23:45 IST" name="findUsedCars" finished-at="2024-02-06T10:24:23 IST" duration-ms="38304" status="PASS">
          <reporter-output>
          </reporter-output>
        </test-method> <!-- findUsedCars -->
      </class> <!-- testCases.TS002_UsedCars -->
      <class name="testCases.TS003_AccountLogin">
        <test-method signature="clickLoginButton()[pri:1, instance:testCases.TS003_AccountLogin@68c9133c]" started-at="2024-02-06T10:24:25 IST" name="clickLoginButton" finished-at="2024-02-06T10:24:35 IST" duration-ms="10541" status="PASS">
          <reporter-output>
          </reporter-output>
        </test-method> <!-- clickLoginButton -->
        <test-method signature="checkLoginStatus()[pri:2, instance:testCases.TS003_AccountLogin@68c9133c]" started-at="2024-02-06T10:24:36 IST" name="checkLoginStatus" finished-at="2024-02-06T10:24:36 IST" duration-ms="187" status="PASS">
          <reporter-output>
          </reporter-output>
        </test-method> <!-- checkLoginStatus -->
      </class> <!-- testCases.TS003_AccountLogin -->
    </test> <!-- ChromeTest -->
    <test started-at="2024-02-06T10:24:39 IST" name="EdgeTest" finished-at="2024-02-06T10:28:14 IST" duration-ms="215093">
      <class name="testCases.TS001_UpcomingBikes">
        <test-method is-config="true" signature="setup(java.lang.String,java.lang.String)[pri:0, instance:testCases.TS001_UpcomingBikes@304bb45b]" started-at="2024-02-06T10:24:39 IST" name="setup" finished-at="2024-02-06T10:25:26 IST" duration-ms="47464" status="PASS">
          <params>
            <param index="0">
              <value>
                <![CDATA[edge]]>
              </value>
            </param>
            <param index="1">
              <value>
                <![CDATA[Windows]]>
              </value>
            </param>
          </params>
          <reporter-output>
          </reporter-output>
        </test-method> <!-- setup -->
        <test-method signature="clickUpcomingBikes()[pri:1, instance:testCases.TS001_UpcomingBikes@304bb45b]" started-at="2024-02-06T10:25:26 IST" name="clickUpcomingBikes" finished-at="2024-02-06T10:26:07 IST" duration-ms="40735" status="PASS">
          <reporter-output>
          </reporter-output>
        </test-method> <!-- clickUpcomingBikes -->
        <test-method signature="selectManufacturer()[pri:2, instance:testCases.TS001_UpcomingBikes@304bb45b]" started-at="2024-02-06T10:26:08 IST" name="selectManufacturer" finished-at="2024-02-06T10:26:41 IST" duration-ms="32941" status="FAIL">
          <exception class="java.lang.AssertionError">
            <message>
              <![CDATA[expected [true] but found [false]]]>
            </message>
            <full-stacktrace>
              <![CDATA[java.lang.AssertionError: expected [true] but found [false]
at org.testng.Assert.fail(Assert.java:111)
at org.testng.Assert.failNotEquals(Assert.java:1578)
at org.testng.Assert.assertEqualsImpl(Assert.java:150)
at org.testng.Assert.assertEquals(Assert.java:132)
at org.testng.Assert.assertEquals(Assert.java:1067)
at org.testng.Assert.assertEquals(Assert.java:1087)
at testCases.TS001_UpcomingBikes.selectManufacturer(TS001_UpcomingBikes.java:37)
at java.base/jdk.internal.reflect.NativeMethodAccessorImpl.invoke0(Native Method)
at java.base/jdk.internal.reflect.NativeMethodAccessorImpl.invoke(NativeMethodAccessorImpl.java:77)
at java.base/jdk.internal.reflect.DelegatingMethodAccessorImpl.invoke(DelegatingMethodAccessorImpl.java:43)
at java.base/java.lang.reflect.Method.invoke(Method.java:568)
at org.testng.internal.invokers.MethodInvocationHelper.invokeMethod(MethodInvocationHelper.java:139)
at org.testng.internal.invokers.TestInvoker.invokeMethod(TestInvoker.java:664)
at org.testng.internal.invokers.TestInvoker.invokeTestMethod(TestInvoker.java:227)
at org.testng.internal.invokers.MethodRunner.runInSequence(MethodRunner.java:50)
at org.testng.internal.invokers.TestInvoker$MethodInvocationAgent.invoke(TestInvoker.java:957)
at org.testng.internal.invokers.TestInvoker.invokeTestMethods(TestInvoker.java:200)
at org.testng.internal.invokers.TestMethodWorker.invokeTestMethods(TestMethodWorker.java:148)
at org.testng.internal.invokers.TestMethodWorker.run(TestMethodWorker.java:128)
at java.base/java.util.ArrayList.forEach(ArrayList.java:1511)
at org.testng.TestRunner.privateRun(TestRunner.java:848)
at org.testng.TestRunner.run(TestRunner.java:621)
at org.testng.SuiteRunner.runTest(SuiteRunner.java:443)
at org.testng.SuiteRunner.runSequentially(SuiteRunner.java:437)
at org.testng.SuiteRunner.privateRun(SuiteRunner.java:397)
at org.testng.SuiteRunner.run(SuiteRunner.java:336)
at org.testng.SuiteRunnerWorker.runSuite(SuiteRunnerWorker.java:52)
at org.testng.SuiteRunnerWorker.run(SuiteRunnerWorker.java:95)
at org.testng.TestNG.runSuitesSequentially(TestNG.java:1280)
at org.testng.TestNG.runSuitesLocally(TestNG.java:1200)
at org.testng.TestNG.runSuites(TestNG.java:1114)
at org.testng.TestNG.run(TestNG.java:1082)
at org.testng.remote.AbstractRemoteTestNG.run(AbstractRemoteTestNG.java:115)
at org.testng.remote.RemoteTestNG.initAndRun(RemoteTestNG.java:251)
at org.testng.remote.RemoteTestNG.main(RemoteTestNG.java:77)
]]>
            </full-stacktrace>
          </exception> <!-- java.lang.AssertionError -->
          <reporter-output>
          </reporter-output>
        </test-method> <!-- selectManufacturer -->
        <test-method signature="printBikeDetails()[pri:3, instance:testCases.TS001_UpcomingBikes@304bb45b]" started-at="2024-02-06T10:26:41 IST" name="printBikeDetails" finished-at="2024-02-06T10:26:41 IST" depends-on-methods="testCases.TS001_UpcomingBikes.selectManufacturer" duration-ms="0" status="SKIP">
          <exception class="java.lang.Throwable">
            <message>
              <![CDATA[Method testCases.TS001_UpcomingBikes.printBikeDetails() on instance testCases.TS001_UpcomingBikes@304bb45b depends on not successfully finished methods 
[testCases.TS001_UpcomingBikes.selectManufacturer() on instance testCases.TS001_UpcomingBikes@304bb45b]]]>
            </message>
            <full-stacktrace>
              <![CDATA[java.lang.Throwable: Method testCases.TS001_UpcomingBikes.printBikeDetails() on instance testCases.TS001_UpcomingBikes@304bb45b depends on not successfully finished methods 
[testCases.TS001_UpcomingBikes.selectManufacturer() on instance testCases.TS001_UpcomingBikes@304bb45b]
at org.testng.internal.invokers.TestInvoker.invokeTestMethods(TestInvoker.java:156)
at org.testng.internal.invokers.TestMethodWorker.invokeTestMethods(TestMethodWorker.java:148)
at org.testng.internal.invokers.TestMethodWorker.run(TestMethodWorker.java:128)
at java.base/java.util.ArrayList.forEach(ArrayList.java:1511)
at org.testng.TestRunner.privateRun(TestRunner.java:848)
at org.testng.TestRunner.run(TestRunner.java:621)
at org.testng.SuiteRunner.runTest(SuiteRunner.java:443)
at org.testng.SuiteRunner.runSequentially(SuiteRunner.java:437)
at org.testng.SuiteRunner.privateRun(SuiteRunner.java:397)
at org.testng.SuiteRunner.run(SuiteRunner.java:336)
at org.testng.SuiteRunnerWorker.runSuite(SuiteRunnerWorker.java:52)
at org.testng.SuiteRunnerWorker.run(SuiteRunnerWorker.java:95)
at org.testng.TestNG.runSuitesSequentially(TestNG.java:1280)
at org.testng.TestNG.runSuitesLocally(TestNG.java:1200)
at org.testng.TestNG.runSuites(TestNG.java:1114)
at org.testng.TestNG.run(TestNG.java:1082)
at org.testng.remote.AbstractRemoteTestNG.run(AbstractRemoteTestNG.java:115)
at org.testng.remote.RemoteTestNG.initAndRun(RemoteTestNG.java:251)
at org.testng.remote.RemoteTestNG.main(RemoteTestNG.java:77)
]]>
            </full-stacktrace>
          </exception> <!-- java.lang.Throwable -->
          <reporter-output>
          </reporter-output>
        </test-method> <!-- printBikeDetails -->
        <test-method is-config="true" signature="tearDown()[pri:0, instance:testCases.TS001_UpcomingBikes@304bb45b]" started-at="2024-02-06T10:28:12 IST" name="tearDown" finished-at="2024-02-06T10:28:14 IST" duration-ms="1676" status="PASS">
          <reporter-output>
          </reporter-output>
        </test-method> <!-- tearDown -->
      </class> <!-- testCases.TS001_UpcomingBikes -->
      <class name="testCases.TS002_UsedCars">
        <test-method signature="findUsedCars()[pri:1, instance:testCases.TS002_UsedCars@723ca036]" started-at="2024-02-06T10:26:41 IST" name="findUsedCars" finished-at="2024-02-06T10:27:11 IST" duration-ms="30037" status="FAIL">
          <exception class="org.openqa.selenium.json.JsonException">
            <message>
              <![CDATA[java.lang.reflect.InvocationTargetException
Build info: version: '4.15.0', revision: '1d14b5521b'
System info: os.name: 'Windows 11', os.arch: 'amd64', os.version: '10.0', java.version: '17.0.9'
Driver info: org.openqa.selenium.edge.EdgeDriver
Command: [9d5f3b27ebdfc40145df5d7aafb7feea, actions {actions=[org.openqa.selenium.interactions.Sequence@60e67c06]}]
Capabilities {acceptInsecureCerts: false, browserName: MicrosoftEdge, browserVersion: 121.0.2277.98, fedcm:accounts: true, ms:edgeOptions: {debuggerAddress: localhost:51304}, msedge: {msedgedriverVersion: 121.0.2277.98 (a3414ba067bc..., userDataDir: C:\Windows\SystemTemp\scope...}, networkConnectionEnabled: false, pageLoadStrategy: normal, platformName: windows, proxy: Proxy(), se:cdp: ws://localhost:51304/devtoo..., se:cdpVersion: 121.0.2277.98, setWindowRect: true, strictFileInteractability: false, timeouts: {implicit: 0, pageLoad: 300000, script: 30000}, unhandledPromptBehavior: dismiss and notify, webauthn:extension:credBlob: true, webauthn:extension:largeBlob: true, webauthn:extension:minPinLength: true, webauthn:extension:prf: true, webauthn:virtualAuthenticators: true}
Session ID: 9d5f3b27ebdfc40145df5d7aafb7feea]]>
            </message>
            <full-stacktrace>
              <![CDATA[org.openqa.selenium.json.JsonException: java.lang.reflect.InvocationTargetException
Build info: version: '4.15.0', revision: '1d14b5521b'
System info: os.name: 'Windows 11', os.arch: 'amd64', os.version: '10.0', java.version: '17.0.9'
Driver info: org.openqa.selenium.edge.EdgeDriver
Command: [9d5f3b27ebdfc40145df5d7aafb7feea, actions {actions=[org.openqa.selenium.interactions.Sequence@60e67c06]}]
Capabilities {acceptInsecureCerts: false, browserName: MicrosoftEdge, browserVersion: 121.0.2277.98, fedcm:accounts: true, ms:edgeOptions: {debuggerAddress: localhost:51304}, msedge: {msedgedriverVersion: 121.0.2277.98 (a3414ba067bc..., userDataDir: C:\Windows\SystemTemp\scope...}, networkConnectionEnabled: false, pageLoadStrategy: normal, platformName: windows, proxy: Proxy(), se:cdp: ws://localhost:51304/devtoo..., se:cdpVersion: 121.0.2277.98, setWindowRect: true, strictFileInteractability: false, timeouts: {implicit: 0, pageLoad: 300000, script: 30000}, unhandledPromptBehavior: dismiss and notify, webauthn:extension:credBlob: true, webauthn:extension:largeBlob: true, webauthn:extension:minPinLength: true, webauthn:extension:prf: true, webauthn:virtualAuthenticators: true}
Session ID: 9d5f3b27ebdfc40145df5d7aafb7feea
at org.openqa.selenium.json.JsonOutput.convertUsingMethod(JsonOutput.java:520)
at org.openqa.selenium.json.JsonOutput.lambda$new$16(JsonOutput.java:182)
at org.openqa.selenium.json.JsonOutput.write0(JsonOutput.java:409)
at org.openqa.selenium.json.JsonOutput.lambda$new$22(JsonOutput.java:204)
at java.base/java.util.stream.ForEachOps$ForEachOp$OfRef.accept(ForEachOps.java:183)
at java.base/java.util.stream.ReferencePipeline$2$1.accept(ReferencePipeline.java:179)
at java.base/java.util.Iterator.forEachRemaining(Iterator.java:133)
at java.base/java.util.Spliterators$IteratorSpliterator.forEachRemaining(Spliterators.java:1845)
at java.base/java.util.stream.AbstractPipeline.copyInto(AbstractPipeline.java:509)
at java.base/java.util.stream.AbstractPipeline.wrapAndCopyInto(AbstractPipeline.java:499)
at java.base/java.util.stream.ForEachOps$ForEachOp.evaluateSequential(ForEachOps.java:150)
at java.base/java.util.stream.ForEachOps$ForEachOp$OfRef.evaluateSequential(ForEachOps.java:173)
at java.base/java.util.stream.AbstractPipeline.evaluate(AbstractPipeline.java:234)
at java.base/java.util.stream.ReferencePipeline.forEach(ReferencePipeline.java:596)
at org.openqa.selenium.json.JsonOutput.lambda$new$23(JsonOutput.java:204)
at org.openqa.selenium.json.JsonOutput.write0(JsonOutput.java:409)
at org.openqa.selenium.json.JsonOutput.lambda$new$24(JsonOutput.java:222)
at com.google.common.collect.SingletonImmutableBiMap.forEach(SingletonImmutableBiMap.java:68)
at org.openqa.selenium.json.JsonOutput.lambda$new$25(JsonOutput.java:217)
at org.openqa.selenium.json.JsonOutput.write0(JsonOutput.java:409)
at org.openqa.selenium.json.JsonOutput.write(JsonOutput.java:400)
at org.openqa.selenium.json.Json.toJson(Json.java:133)
at org.openqa.selenium.json.Json.toJson(Json.java:119)
at org.openqa.selenium.remote.codec.AbstractHttpCommandCodec.encode(AbstractHttpCommandCodec.java:280)
at org.openqa.selenium.remote.codec.AbstractHttpCommandCodec.encode(AbstractHttpCommandCodec.java:130)
at org.openqa.selenium.remote.HttpCommandExecutor.execute(HttpCommandExecutor.java:179)
at org.openqa.selenium.remote.service.DriverCommandExecutor.invokeExecute(DriverCommandExecutor.java:200)
at org.openqa.selenium.remote.service.DriverCommandExecutor.execute(DriverCommandExecutor.java:175)
at org.openqa.selenium.remote.RemoteWebDriver.execute(RemoteWebDriver.java:607)
at org.openqa.selenium.remote.RemoteWebDriver.perform(RemoteWebDriver.java:693)
at org.openqa.selenium.interactions.Actions$BuiltAction.perform(Actions.java:598)
at org.openqa.selenium.interactions.Actions.perform(Actions.java:567)
at pageObjects.UsedCars.clickFindUsedCars(UsedCars.java:39)
at testCases.TS002_UsedCars.findUsedCars(TS002_UsedCars.java:22)
at java.base/jdk.internal.reflect.NativeMethodAccessorImpl.invoke0(Native Method)
at java.base/jdk.internal.reflect.NativeMethodAccessorImpl.invoke(NativeMethodAccessorImpl.java:77)
at java.base/jdk.internal.reflect.DelegatingMethodAccessorImpl.invoke(DelegatingMethodAccessorImpl.java:43)
at java.base/java.lang.reflect.Method.invoke(Method.java:568)
at org.testng.internal.invokers.MethodInvocationHelper.invokeMethod(MethodInvocationHelper.java:139)
at org.testng.internal.invokers.TestInvoker.invokeMethod(TestInvoker.java:664)
at org.testng.internal.invokers.TestInvoker.invokeTestMethod(TestInvoker.java:227)
at org.testng.internal.invokers.MethodRunner.runInSequence(MethodRunner.java:50)
at org.testng.internal.invokers.TestInvoker$MethodInvocationAgent.invoke(TestInvoker.java:957)
at org.testng.internal.invokers.TestInvoker.invokeTestMethods(TestInvoker.java:200)
at org.testng.internal.invokers.TestMethodWorker.invokeTestMethods(TestMethodWorker.java:148)
at org.testng.internal.invokers.TestMethodWorker.run(TestMethodWorker.java:128)
at java.base/java.util.ArrayList.forEach(ArrayList.java:1511)
at org.testng.TestRunner.privateRun(TestRunner.java:848)
at org.testng.TestRunner.run(TestRunner.java:621)
at org.testng.SuiteRunner.runTest(SuiteRunner.java:443)
at org.testng.SuiteRunner.runSequentially(SuiteRunner.java:437)
at org.testng.SuiteRunner.privateRun(SuiteRunner.java:397)
at org.testng.SuiteRunner.run(SuiteRunner.java:336)
at org.testng.SuiteRunnerWorker.runSuite(SuiteRunnerWorker.java:52)
at org.testng.SuiteRunnerWorker.run(SuiteRunnerWorker.java:95)
at org.testng.TestNG.runSuitesSequentially(TestNG.java:1280)
at org.testng.TestNG.runSuitesLocally(TestNG.java:1200)
at org.testng.TestNG.runSuites(TestNG.java:1114)
at org.testng.TestNG.run(TestNG.java:1082)
at org.testng.remote.AbstractRemoteTestNG.run(AbstractRemoteTestNG.java:115)
at org.testng.remote.RemoteTestNG.initAndRun(RemoteTestNG.java:251)
at org.testng.remote.RemoteTestNG.main(RemoteTestNG.java:77)
Suppressed: org.openqa.selenium.json.JsonException: Attempting to close incomplete json stream
Build info: version: '4.15.0', revision: '1d14b5521b'
System info: os.name: 'Windows 11', os.arch: 'amd64', os.version: '10.0', java.version: '17.0.9'
Driver info: driver.version: RemoteWebDriver
at org.openqa.selenium.json.JsonOutput.close(JsonOutput.java:431)
at org.openqa.selenium.json.Json.toJson(Json.java:131)
... 40 more
Caused by: java.lang.reflect.InvocationTargetException
at java.base/jdk.internal.reflect.NativeMethodAccessorImpl.invoke0(Native Method)
at java.base/jdk.internal.reflect.NativeMethodAccessorImpl.invoke(NativeMethodAccessorImpl.java:77)
at java.base/jdk.internal.reflect.DelegatingMethodAccessorImpl.invoke(DelegatingMethodAccessorImpl.java:43)
at java.base/java.lang.reflect.Method.invoke(Method.java:568)
at org.openqa.selenium.json.JsonOutput.convertUsingMethod(JsonOutput.java:516)
... 61 more
Caused by: org.openqa.selenium.NoSuchElementException: no such element: Unable to locate element: {"method":"xpath","selector":"//a[normalize-space()='Used Cars']"}
  (Session info: MicrosoftEdge=121.0.2277.98)
For documentation on this error, please visit: https://www.selenium.dev/documentation/webdriver/troubleshooting/errors#no-such-element-exception
Build info: version: '4.15.0', revision: '1d14b5521b'
System info: os.name: 'Windows 11', os.arch: 'amd64', os.version: '10.0', java.version: '17.0.9'
Driver info: org.openqa.selenium.edge.EdgeDriver
Command: [9d5f3b27ebdfc40145df5d7aafb7feea, findElement {using=xpath, value=//a[normalize-space()='Used Cars']}]
Capabilities {acceptInsecureCerts: false, browserName: MicrosoftEdge, browserVersion: 121.0.2277.98, fedcm:accounts: true, ms:edgeOptions: {debuggerAddress: localhost:51304}, msedge: {msedgedriverVersion: 121.0.2277.98 (a3414ba067bc..., userDataDir: C:\Windows\SystemTemp\scope...}, networkConnectionEnabled: false, pageLoadStrategy: normal, platformName: windows, proxy: Proxy(), se:cdp: ws://localhost:51304/devtoo..., se:cdpVersion: 121.0.2277.98, setWindowRect: true, strictFileInteractability: false, timeouts: {implicit: 0, pageLoad: 300000, script: 30000}, unhandledPromptBehavior: dismiss and notify, webauthn:extension:credBlob: true, webauthn:extension:largeBlob: true, webauthn:extension:minPinLength: true, webauthn:extension:prf: true, webauthn:virtualAuthenticators: true}
Session ID: 9d5f3b27ebdfc40145df5d7aafb7feea
at java.base/jdk.internal.reflect.NativeConstructorAccessorImpl.newInstance0(Native Method)
at java.base/jdk.internal.reflect.NativeConstructorAccessorImpl.newInstance(NativeConstructorAccessorImpl.java:77)
at java.base/jdk.internal.reflect.DelegatingConstructorAccessorImpl.newInstance(DelegatingConstructorAccessorImpl.java:45)
at java.base/java.lang.reflect.Constructor.newInstanceWithCaller(Constructor.java:499)
at java.base/java.lang.reflect.Constructor.newInstance(Constructor.java:480)
at org.openqa.selenium.remote.codec.w3c.W3CHttpResponseCodec.createException(W3CHttpResponseCodec.java:200)
at org.openqa.selenium.remote.codec.w3c.W3CHttpResponseCodec.decode(W3CHttpResponseCodec.java:133)
at org.openqa.selenium.remote.codec.w3c.W3CHttpResponseCodec.decode(W3CHttpResponseCodec.java:52)
at org.openqa.selenium.remote.HttpCommandExecutor.execute(HttpCommandExecutor.java:191)
at org.openqa.selenium.remote.service.DriverCommandExecutor.invokeExecute(DriverCommandExecutor.java:200)
at org.openqa.selenium.remote.service.DriverCommandExecutor.execute(DriverCommandExecutor.java:175)
at org.openqa.selenium.remote.RemoteWebDriver.execute(RemoteWebDriver.java:607)
at org.openqa.selenium.remote.ElementLocation$ElementFinder$2.findElement(ElementLocation.java:165)
at org.openqa.selenium.remote.ElementLocation.findElement(ElementLocation.java:59)
at org.openqa.selenium.remote.RemoteWebDriver.findElement(RemoteWebDriver.java:364)
at org.openqa.selenium.remote.RemoteWebDriver.findElement(RemoteWebDriver.java:358)
at org.openqa.selenium.support.pagefactory.DefaultElementLocator.findElement(DefaultElementLocator.java:68)
at org.openqa.selenium.support.pagefactory.internal.LocatingElementHandler.invoke(LocatingElementHandler.java:38)
at jdk.proxy2/jdk.proxy2.$Proxy30.getWrappedElement(Unknown Source)
at org.openqa.selenium.interactions.PointerInput$Origin.asArg(PointerInput.java:259)
at org.openqa.selenium.interactions.PointerInput$Move.encode(PointerInput.java:208)
at org.openqa.selenium.interactions.Sequence.encode(Sequence.java:72)
at org.openqa.selenium.interactions.Sequence.toJson(Sequence.java:81)
... 66 more
]]>
            </full-stacktrace>
          </exception> <!-- org.openqa.selenium.json.JsonException -->
          <reporter-output>
          </reporter-output>
        </test-method> <!-- findUsedCars -->
      </class> <!-- testCases.TS002_UsedCars -->
      <class name="testCases.TS003_AccountLogin">
        <test-method signature="clickLoginButton()[pri:1, instance:testCases.TS003_AccountLogin@25be7b63]" started-at="2024-02-06T10:27:11 IST" name="clickLoginButton" finished-at="2024-02-06T10:27:41 IST" duration-ms="30069" status="FAIL">
          <exception class="org.openqa.selenium.NoSuchElementException">
            <message>
              <![CDATA[no such element: Unable to locate element: {"method":"xpath","selector":"//div[@class='h-sid h-sid-s fnt-14']"}
  (Session info: MicrosoftEdge=121.0.2277.98)
For documentation on this error, please visit: https://www.selenium.dev/documentation/webdriver/troubleshooting/errors#no-such-element-exception
Build info: version: '4.15.0', revision: '1d14b5521b'
System info: os.name: 'Windows 11', os.arch: 'amd64', os.version: '10.0', java.version: '17.0.9'
Driver info: org.openqa.selenium.edge.EdgeDriver
Command: [9d5f3b27ebdfc40145df5d7aafb7feea, findElement {using=xpath, value=//div[@class='h-sid h-sid-s fnt-14']}]
Capabilities {acceptInsecureCerts: false, browserName: MicrosoftEdge, browserVersion: 121.0.2277.98, fedcm:accounts: true, ms:edgeOptions: {debuggerAddress: localhost:51304}, msedge: {msedgedriverVersion: 121.0.2277.98 (a3414ba067bc..., userDataDir: C:\Windows\SystemTemp\scope...}, networkConnectionEnabled: false, pageLoadStrategy: normal, platformName: windows, proxy: Proxy(), se:cdp: ws://localhost:51304/devtoo..., se:cdpVersion: 121.0.2277.98, setWindowRect: true, strictFileInteractability: false, timeouts: {implicit: 0, pageLoad: 300000, script: 30000}, unhandledPromptBehavior: dismiss and notify, webauthn:extension:credBlob: true, webauthn:extension:largeBlob: true, webauthn:extension:minPinLength: true, webauthn:extension:prf: true, webauthn:virtualAuthenticators: true}
Session ID: 9d5f3b27ebdfc40145df5d7aafb7feea]]>
            </message>
            <full-stacktrace>
              <![CDATA[org.openqa.selenium.NoSuchElementException: no such element: Unable to locate element: {"method":"xpath","selector":"//div[@class='h-sid h-sid-s fnt-14']"}
  (Session info: MicrosoftEdge=121.0.2277.98)
For documentation on this error, please visit: https://www.selenium.dev/documentation/webdriver/troubleshooting/errors#no-such-element-exception
Build info: version: '4.15.0', revision: '1d14b5521b'
System info: os.name: 'Windows 11', os.arch: 'amd64', os.version: '10.0', java.version: '17.0.9'
Driver info: org.openqa.selenium.edge.EdgeDriver
Command: [9d5f3b27ebdfc40145df5d7aafb7feea, findElement {using=xpath, value=//div[@class='h-sid h-sid-s fnt-14']}]
Capabilities {acceptInsecureCerts: false, browserName: MicrosoftEdge, browserVersion: 121.0.2277.98, fedcm:accounts: true, ms:edgeOptions: {debuggerAddress: localhost:51304}, msedge: {msedgedriverVersion: 121.0.2277.98 (a3414ba067bc..., userDataDir: C:\Windows\SystemTemp\scope...}, networkConnectionEnabled: false, pageLoadStrategy: normal, platformName: windows, proxy: Proxy(), se:cdp: ws://localhost:51304/devtoo..., se:cdpVersion: 121.0.2277.98, setWindowRect: true, strictFileInteractability: false, timeouts: {implicit: 0, pageLoad: 300000, script: 30000}, unhandledPromptBehavior: dismiss and notify, webauthn:extension:credBlob: true, webauthn:extension:largeBlob: true, webauthn:extension:minPinLength: true, webauthn:extension:prf: true, webauthn:virtualAuthenticators: true}
Session ID: 9d5f3b27ebdfc40145df5d7aafb7feea
at java.base/jdk.internal.reflect.NativeConstructorAccessorImpl.newInstance0(Native Method)
at java.base/jdk.internal.reflect.NativeConstructorAccessorImpl.newInstance(NativeConstructorAccessorImpl.java:77)
at java.base/jdk.internal.reflect.DelegatingConstructorAccessorImpl.newInstance(DelegatingConstructorAccessorImpl.java:45)
at java.base/java.lang.reflect.Constructor.newInstanceWithCaller(Constructor.java:499)
at java.base/java.lang.reflect.Constructor.newInstance(Constructor.java:480)
at org.openqa.selenium.remote.codec.w3c.W3CHttpResponseCodec.createException(W3CHttpResponseCodec.java:200)
at org.openqa.selenium.remote.codec.w3c.W3CHttpResponseCodec.decode(W3CHttpResponseCodec.java:133)
at org.openqa.selenium.remote.codec.w3c.W3CHttpResponseCodec.decode(W3CHttpResponseCodec.java:52)
at org.openqa.selenium.remote.HttpCommandExecutor.execute(HttpCommandExecutor.java:191)
at org.openqa.selenium.remote.service.DriverCommandExecutor.invokeExecute(DriverCommandExecutor.java:200)
at org.openqa.selenium.remote.service.DriverCommandExecutor.execute(DriverCommandExecutor.java:175)
at org.openqa.selenium.remote.RemoteWebDriver.execute(RemoteWebDriver.java:607)
at org.openqa.selenium.remote.ElementLocation$ElementFinder$2.findElement(ElementLocation.java:165)
at org.openqa.selenium.remote.ElementLocation.findElement(ElementLocation.java:59)
at org.openqa.selenium.remote.RemoteWebDriver.findElement(RemoteWebDriver.java:364)
at org.openqa.selenium.remote.RemoteWebDriver.findElement(RemoteWebDriver.java:358)
at org.openqa.selenium.support.pagefactory.DefaultElementLocator.findElement(DefaultElementLocator.java:68)
at org.openqa.selenium.support.pagefactory.internal.LocatingElementHandler.invoke(LocatingElementHandler.java:38)
at jdk.proxy2/jdk.proxy2.$Proxy30.click(Unknown Source)
at pageObjects.AccountLogin.clickOnLoginSignUp(AccountLogin.java:41)
at testCases.TS003_AccountLogin.clickLoginButton(TS003_AccountLogin.java:22)
at java.base/jdk.internal.reflect.NativeMethodAccessorImpl.invoke0(Native Method)
at java.base/jdk.internal.reflect.NativeMethodAccessorImpl.invoke(NativeMethodAccessorImpl.java:77)
at java.base/jdk.internal.reflect.DelegatingMethodAccessorImpl.invoke(DelegatingMethodAccessorImpl.java:43)
at java.base/java.lang.reflect.Method.invoke(Method.java:568)
at org.testng.internal.invokers.MethodInvocationHelper.invokeMethod(MethodInvocationHelper.java:139)
at org.testng.internal.invokers.TestInvoker.invokeMethod(TestInvoker.java:664)
at org.testng.internal.invokers.TestInvoker.invokeTestMethod(TestInvoker.java:227)
at org.testng.internal.invokers.MethodRunner.runInSequence(MethodRunner.java:50)
at org.testng.internal.invokers.TestInvoker$MethodInvocationAgent.invoke(TestInvoker.java:957)
at org.testng.internal.invokers.TestInvoker.invokeTestMethods(TestInvoker.java:200)
at org.testng.internal.invokers.TestMethodWorker.invokeTestMethods(TestMethodWorker.java:148)
at org.testng.internal.invokers.TestMethodWorker.run(TestMethodWorker.java:128)
at java.base/java.util.ArrayList.forEach(ArrayList.java:1511)
at org.testng.TestRunner.privateRun(TestRunner.java:848)
at org.testng.TestRunner.run(TestRunner.java:621)
at org.testng.SuiteRunner.runTest(SuiteRunner.java:443)
at org.testng.SuiteRunner.runSequentially(SuiteRunner.java:437)
at org.testng.SuiteRunner.privateRun(SuiteRunner.java:397)
at org.testng.SuiteRunner.run(SuiteRunner.java:336)
at org.testng.SuiteRunnerWorker.runSuite(SuiteRunnerWorker.java:52)
at org.testng.SuiteRunnerWorker.run(SuiteRunnerWorker.java:95)
at org.testng.TestNG.runSuitesSequentially(TestNG.java:1280)
at org.testng.TestNG.runSuitesLocally(TestNG.java:1200)
at org.testng.TestNG.runSuites(TestNG.java:1114)
at org.testng.TestNG.run(TestNG.java:1082)
at org.testng.remote.AbstractRemoteTestNG.run(AbstractRemoteTestNG.java:115)
at org.testng.remote.RemoteTestNG.initAndRun(RemoteTestNG.java:251)
at org.testng.remote.RemoteTestNG.main(RemoteTestNG.java:77)
]]>
            </full-stacktrace>
          </exception> <!-- org.openqa.selenium.NoSuchElementException -->
          <reporter-output>
          </reporter-output>
        </test-method> <!-- clickLoginButton -->
        <test-method signature="checkLoginStatus()[pri:2, instance:testCases.TS003_AccountLogin@25be7b63]" started-at="2024-02-06T10:27:42 IST" name="checkLoginStatus" finished-at="2024-02-06T10:28:12 IST" duration-ms="30189" status="PASS">
          <reporter-output>
          </reporter-output>
        </test-method> <!-- checkLoginStatus -->
      </class> <!-- testCases.TS003_AccountLogin -->
    </test> <!-- EdgeTest -->
  </suite> <!-- Suite -->
</testng-results>
